<?xml version="1.0" encoding="UTF-8"?>
<testng-results skipped="0" failed="0" total="1" passed="1">
  <reporter-output>
  </reporter-output>
  <suite name="Suite" duration-ms="44244" started-at="2022-09-09T12:47:57Z" finished-at="2022-09-09T12:48:41Z">
    <groups>
    </groups>
    <test name="Test" duration-ms="44244" started-at="2022-09-09T12:47:57Z" finished-at="2022-09-09T12:48:41Z">
      <class name="org.testcases.TC_Search">
        <test-method status="PASS" signature="setup()[pri:0, instance:org.testcases.TC_Search@523884b2]" name="setup" is-config="true" duration-ms="40269" started-at="2022-09-09T18:17:57Z" finished-at="2022-09-09T18:18:37Z">
          <reporter-output>
          </reporter-output>
        </test-method> <!-- setup -->
        <test-method status="PASS" signature="sear(java.lang.String)[pri:0, instance:org.testcases.TC_Search@523884b2]" name="sear" duration-ms="2246" started-at="2022-09-09T18:18:37Z" finished-at="2022-09-09T18:18:40Z">
          <params>
            <param index="0">
              <value>
                <![CDATA[logitech headset]]>
              </value>
            </param>
          </params>
          <reporter-output>
          </reporter-output>
        </test-method> <!-- sear -->
        <test-method status="PASS" signature="closebrowser()[pri:0, instance:org.testcases.TC_Search@523884b2]" name="closebrowser" is-config="true" duration-ms="1697" started-at="2022-09-09T18:18:40Z" finished-at="2022-09-09T18:18:41Z">
          <reporter-output>
          </reporter-output>
        </test-method> <!-- closebrowser -->
      </class> <!-- org.testcases.TC_Search -->
    </test> <!-- Test -->
  </suite> <!-- Suite -->
</testng-results>
